<?xml version="1.0" encoding="utf-8"?><testsuites name="pytest tests"><testsuite name="pytest" errors="0" failures="0" skipped="0" tests="26" time="19.395" timestamp="2026-08-24T13:34:19.415566-07:00" hostname="och.local"><testcase classname="v5.tests.test_cmbp_metadata_census" name="test_fake_census_calls_exact_four_methods_in_frozen_order_and_arguments" time="3.504" /><testcase classname="v5.tests.test_cmbp_metadata_census" name="test_symbology_adapter_renames_start_end_only_after_descriptor_hash_validation" time="0.009" /><testcase classname="v5.tests.test_cmbp_metadata_census" name="test_descriptor_hash_tamper_forbidden_method_and_scope_widening_fail_before_calls" time="0.331" /><testcase classname="v5.tests.test_cmbp_metadata_census" name="test_sdk_version_mismatch_fails_before_calls" time="0.137" /><testcase classname="v5.tests.test_cmbp_metadata_census" name="test_vendor_exception_leaves_durable_error_journal_and_no_final_artifact" time="0.270" /><testcase classname="v5.tests.test_cmbp_metadata_census" name="test_partial_or_malformed_vendor_response_fails_without_silent_drop" time="0.497" /><testcase classname="v5.tests.test_cmbp_metadata_census" name="test_zero_cost_with_positive_count_is_retained_and_zero_count_stops" time="1.031" /><testcase classname="v5.tests.test_cmbp_metadata_census" name="test_attempt_paths_are_exclusive_and_partial_attempt_cannot_resume_or_overwrite" time="0.751" /><testcase classname="v5.tests.test_cmbp_metadata_census" name="test_external_client_construction_requires_fresh_authorization_credential_and_numeric_cap" time="0.408" /><testcase classname="v5.tests.test_cmbp_metadata_census" name="test_fake_suite_never_imports_sdk_authenticates_or_opens_socket" time="2.928" /><testcase classname="v5.tests.test_cmbp_metadata_census" name="test_every_invocation_has_durable_start_and_result_pair_bound_to_response" time="0.803" /><testcase classname="v5.tests.test_cmbp_metadata_census" name="test_external_receipt_wraps_structural_parser_receipt_and_scopes_claims" time="0.463" /><testcase classname="v5.tests.test_cmbp_metadata_census" name="test_external_run_verifies_local_readiness_and_sdk_before_credential_access" time="0.325" /><testcase classname="v5.tests.test_cmbp_metadata_census" name="test_external_receipt_binds_auth_raw_normalized_cost_count_and_ceiling" time="1.036" /><testcase classname="v5.tests.test_cmbp_metadata_census" name="test_vendor_authorization_is_fresh_attempt_bound_and_consumed_once" time="1.242" /><testcase classname="v5.tests.test_cmbp_metadata_census" name="test_core_external_execution_reverifies_full_authorization_not_bare_hash" time="1.046" /><testcase classname="v5.tests.test_cmbp_metadata_census" name="test_real_client_cannot_use_synthetic_public_entrypoint" time="2.848" /><testcase classname="v5.tests.test_cmbp_metadata_census" name="test_sdk_transport_source_and_requests_zero_retry_identity_are_bound" time="0.016" /><testcase classname="v5.tests.test_cmbp_metadata_census" name="test_job49_stop_aliases_are_normalized_at_every_job50_boundary" time="0.266" /><testcase classname="v5.tests.test_cmbp_metadata_census" name="test_external_receipt_rejects_counterfeit_external_pass" time="0.135" /><testcase classname="v5.tests.test_cmbp_metadata_census" name="test_external_receipt_rejects_raw_or_normalized_digest_tamper" time="0.420" /><testcase classname="v5.tests.test_cmbp_metadata_census" name="test_partial_attempt_classifier_rereads_on_disk_journal_and_never_passes" time="0.267" /><testcase classname="v5.tests.test_cmbp_metadata_census" name="test_nested_parser_receipt_is_attempt_local_durable_and_bound" time="0.339" /><testcase classname="v5.tests.test_cmbp_metadata_census" name="test_external_integrity_and_authorized_client_capability_are_exact" time="0.136" /><testcase classname="v5.tests.test_cmbp_metadata_census" name="test_owner_attestations_are_explicit_manual_governance_inputs" time="0.133" /><testcase classname="v5.tests.test_cmbp_metadata_census" name="test_urllib3_default_retry_identity_is_bound" time="0.031" /></testsuite></testsuites>