<?xml version="1.0" encoding="utf-8"?><testsuites name="pytest tests"><testsuite name="pytest" errors="0" failures="0" skipped="0" tests="208" time="9.335" timestamp="2026-08-24T21:32:19.409231-07:00" hostname="och.local"><testcase classname="v5.tests.test_cmbp_stream" name="test_resolution_and_historical_metadata_mapping_are_exact_one_to_one" time="0.000" /><testcase classname="v5.tests.test_cmbp_stream" name="test_historical_and_live_records_share_identical_market_semantics" time="0.000" /><testcase classname="v5.tests.test_cmbp_stream" name="test_immediate_prior_is_per_instrument_and_classifies_all_price_regions" time="0.000" /><testcase classname="v5.tests.test_cmbp_stream" name="test_receive_tie_is_excluded_even_when_event_time_suggests_an_order" time="0.000" /><testcase classname="v5.tests.test_cmbp_stream" name="test_receive_regression_is_sticky_fatal_but_event_regression_is_diagnostic" time="0.000" /><testcase classname="v5.tests.test_cmbp_stream" name="test_disconnect_reconnect_and_gap_each_clear_prior_book_state" time="0.000" /><testcase classname="v5.tests.test_cmbp_stream" name="test_bad_and_unusable_prior_books_are_counted_and_excluded_not_fatal" time="0.000" /><testcase classname="v5.tests.test_cmbp_stream" name="test_wrong_rtype_and_out_of_window_records_fail_closed[&lt;lambda&gt;-STOP_WRONG_RTYPE]" time="0.000" /><testcase classname="v5.tests.test_cmbp_stream" name="test_wrong_rtype_and_out_of_window_records_fail_closed[&lt;lambda&gt;-STOP_OUT_OF_WINDOW]" time="0.000" /><testcase classname="v5.tests.test_cmbp_stream" name="test_mapping_mismatch_unmapped_data_and_incomplete_terminal_set_fail_closed" time="0.000" /><testcase classname="v5.tests.test_cmbp_stream" name="test_sdk_shaped_mapping_and_cmbp_records_use_levels_zero_without_pandas" time="0.000" /><testcase classname="v5.tests.test_cmbp_stream" name="test_sdk_shaped_undefined_participant_counts_do_not_break_book_decode" time="0.000" /><testcase classname="v5.tests.test_cmbp_stream" name="test_system_controls_are_counted_and_error_records_are_fatal" time="0.000" /><testcase classname="v5.tests.test_cmbp_stream" name="test_record_count_reconciliation_summary_is_frozen_and_canonical_json_safe" time="0.000" /><testcase classname="v5.tests.test_cmbp_stream" name="test_missing_expected_instrument_and_preload_drift_are_terminal_failures" time="0.000" /><testcase classname="v5.tests.test_cmbp_stream" name="test_inputs_and_emitted_events_are_frozen_values" time="0.000" /><testcase classname="v5.tests.test_cmbp_stream" name="test_malformed_public_ingress_failures_are_sticky" time="0.000" /><testcase classname="v5.tests.test_cmbp_tier0" name="test_frozen_scope_reconstructs_exact_21_sessions_and_totals" time="0.028" /><testcase classname="v5.tests.test_cmbp_tier0" name="test_outcome_blind_spacing_reconstructs_from_all_228_zero_cost_sessions" time="0.021" /><testcase classname="v5.tests.test_cmbp_tier0" name="test_selection_refuses_a_changed_zero_cost_population" time="0.041" /><testcase classname="v5.tests.test_cmbp_tier0" name="test_scope_destination_widening_is_refused_even_when_self_rehashed" time="0.012" /><testcase classname="v5.tests.test_cmbp_tier0" name="test_program_contract_cannot_be_rehashed_to_allow_scope_widening" time="0.006" /><testcase classname="v5.tests.test_cmbp_tier0" name="test_exact_zero_quote_accepts_only_unsigned_numeric_zero[integer]" time="0.000" /><testcase classname="v5.tests.test_cmbp_tier0" name="test_exact_zero_quote_accepts_only_unsigned_numeric_zero[float]" time="0.000" /><testcase classname="v5.tests.test_cmbp_tier0" name="test_exact_zero_quote_accepts_only_unsigned_numeric_zero[decimal]" time="0.000" /><testcase classname="v5.tests.test_cmbp_tier0" name="test_exact_zero_quote_accepts_only_unsigned_numeric_zero[decimal-exponent]" time="0.000" /><testcase classname="v5.tests.test_cmbp_tier0" name="test_exact_zero_quote_rejects_malformed_nonfinite_signed_or_nonzero[false]" time="0.000" /><testcase classname="v5.tests.test_cmbp_tier0" name="test_exact_zero_quote_rejects_malformed_nonfinite_signed_or_nonzero[true]" time="0.000" /><testcase classname="v5.tests.test_cmbp_tier0" name="test_exact_zero_quote_rejects_malformed_nonfinite_signed_or_nonzero[string]" time="0.000" /><testcase classname="v5.tests.test_cmbp_tier0" name="test_exact_zero_quote_rejects_malformed_nonfinite_signed_or_nonzero[bytes]" time="0.000" /><testcase classname="v5.tests.test_cmbp_tier0" name="test_exact_zero_quote_rejects_malformed_nonfinite_signed_or_nonzero[none]" time="0.000" /><testcase classname="v5.tests.test_cmbp_tier0" name="test_exact_zero_quote_rejects_malformed_nonfinite_signed_or_nonzero[float-nan]" time="0.000" /><testcase classname="v5.tests.test_cmbp_tier0" name="test_exact_zero_quote_rejects_malformed_nonfinite_signed_or_nonzero[float-inf]" time="0.000" /><testcase classname="v5.tests.test_cmbp_tier0" name="test_exact_zero_quote_rejects_malformed_nonfinite_signed_or_nonzero[float-minus-inf]" time="0.000" /><testcase classname="v5.tests.test_cmbp_tier0" name="test_exact_zero_quote_rejects_malformed_nonfinite_signed_or_nonzero[decimal-nan]" time="0.000" /><testcase classname="v5.tests.test_cmbp_tier0" name="test_exact_zero_quote_rejects_malformed_nonfinite_signed_or_nonzero[decimal-inf]" time="0.000" /><testcase classname="v5.tests.test_cmbp_tier0" name="test_exact_zero_quote_rejects_malformed_nonfinite_signed_or_nonzero[negative-float-zero]" time="0.000" /><testcase classname="v5.tests.test_cmbp_tier0" name="test_exact_zero_quote_rejects_malformed_nonfinite_signed_or_nonzero[negative-decimal-zero]" time="0.000" /><testcase classname="v5.tests.test_cmbp_tier0" name="test_exact_zero_quote_rejects_malformed_nonfinite_signed_or_nonzero[positive-int]" time="0.000" /><testcase classname="v5.tests.test_cmbp_tier0" name="test_exact_zero_quote_rejects_malformed_nonfinite_signed_or_nonzero[positive-float]" time="0.000" /><testcase classname="v5.tests.test_cmbp_tier0" name="test_exact_zero_quote_rejects_malformed_nonfinite_signed_or_nonzero[positive-decimal]" time="0.000" /><testcase classname="v5.tests.test_cmbp_tier0" name="test_exact_zero_quote_rejects_malformed_nonfinite_signed_or_nonzero[negative-int]" time="0.000" /><testcase classname="v5.tests.test_cmbp_tier0" name="test_acquisition_calls_gate_then_cost_then_identical_timeseries_request" time="0.003" /><testcase classname="v5.tests.test_cmbp_tier0" name="test_positive_quote_stops_before_timeseries_and_records_failed_gate" time="0.001" /><testcase classname="v5.tests.test_cmbp_tier0" name="test_cost_transport_error_stops_before_timeseries_and_redacts_message" time="0.001" /><testcase classname="v5.tests.test_cmbp_tier0" name="test_existing_output_path_stops_before_gate_or_vendor_call" time="0.001" /><testcase classname="v5.tests.test_cmbp_tier0" name="test_timeseries_failure_is_journaled_without_automatic_retry" time="0.002" /><testcase classname="v5.tests.test_cmbp_tier0" name="test_journal_watermark_advances_and_call_markers_bind_every_call_event" time="0.001" /><testcase classname="v5.tests.test_cmbp_tier0" name="test_valid_prefix_journal_truncation_is_detected_by_retained_watermark" time="0.001" /><testcase classname="v5.tests.test_cmbp_tier0" name="test_missing_exclusive_call_marker_is_detected" time="0.001" /><testcase classname="v5.tests.test_cmbp_tier0" name="test_marker_directory_refuses_unexpected_filename_or_file_type" time="0.001" /><testcase classname="v5.tests.test_cmbp_tier0" name="test_watermark_identity_cannot_be_rehashed_for_another_attempt" time="0.001" /><testcase classname="v5.tests.test_cmbp_tier0" name="test_run_lock_is_nonblocking_bound_and_reacquirable_after_close" time="0.000" /><testcase classname="v5.tests.test_cmbp_tier0" name="test_noncanonical_destination_path_stops_before_diskutil" time="0.000" /><testcase classname="v5.tests.test_cmbp_tier0" name="test_readiness_junit_helper_accepts_only_clean_focused_job51_report" time="0.001" /><testcase classname="v5.tests.test_cmbp_tier0" name="test_readiness_build_and_validation_bind_files_report_sdk_and_local_only_claim" time="0.002" /><testcase classname="v5.tests.test_cmbp_tier0" name="test_readiness_validation_refuses_bound_file_drift_and_noncanonical_receipt_path" time="0.001" /><testcase classname="v5.tests.test_cmbp_tier0" name="test_readiness_build_refuses_contract_path_widening[../outside.py]" time="0.001" /><testcase classname="v5.tests.test_cmbp_tier0" name="test_readiness_build_refuses_contract_path_widening[/tmp/outside.py]" time="0.001" /><testcase classname="v5.tests.test_cmbp_tier0" name="test_dbn_metadata_accepts_exact_header_and_refuses_partial_or_mapping_drift" time="0.000" /><testcase classname="v5.tests.test_cmbp_tier0" name="test_stream_dbn_qc_consumes_fake_store_incrementally_and_reconciles_count" time="0.241" /><testcase classname="v5.tests.test_cmbp_tier0" name="test_staged_part_validates_publishes_as_one_directory_and_is_reusable" time="0.001" /><testcase classname="v5.tests.test_cmbp_tier0" name="test_aggregate_reconstructs_all_21_tiny_bound_bundles" time="0.142" /><testcase classname="v5.tests.test_cmbp_tier0" name="test_existing_final_preflight_reconstructs_sources_and_refuses_source_drift" time="0.052" /><testcase classname="v5.tests.test_cmbp_tier0" name="test_aggregate_refuses_validly_journaled_out_of_scope_vendor_call" time="0.058" /><testcase classname="v5.tests.test_cmbp_tier0" name="test_aggregate_refuses_out_of_scope_part_bundle_in_attempt_staging" time="0.038" /><testcase classname="v5.tests.test_cmbp_tier0" name="test_aggregate_refuses_self_rehashed_final_with_widened_request_projection" time="0.057" /><testcase classname="v5.tests.test_cmbp_tier0" name="test_aggregate_refuses_session_qc_source_attempt_hash_mismatch" time="0.046" /><testcase classname="v5.tests.test_cmbp_tier0" name="test_aggregate_refuses_unexpected_attempts_tree_entry" time="0.057" /><testcase classname="v5.tests.test_cmbp_tier0" name="test_aggregate_refuses_unexpected_sessions_tree_entry" time="0.038" /><testcase classname="v5.tests.test_cmbp_tier0" name="test_reuse_only_post_completion_attempt_cannot_recreate_pass" time="0.060" /><testcase classname="v5.tests.test_cmbp_tier0" name="test_runner_main_happy_path_orchestrates_all_21_fake_sessions_to_aggregate_pass" time="0.109" /><testcase classname="v5.tests.test_cmbp_tier0" name="test_runner_prior_nonzero_quote_stops_before_credential_client_or_new_attempt" time="0.055" /><testcase classname="v5.tests.test_cmbp_tier0" name="test_runner_existing_final_source_mismatch_stops_before_credential_or_new_attempt" time="0.047" /><testcase classname="v5.tests.test_cmbp_tier0" name="test_runner_terminal_aggregate_receipt_stops_before_reuse_or_credential" time="0.048" /><testcase classname="v5.tests.test_cmbp_tier0" name="test_runner_refuses_any_argv_before_scope_or_credential_gate" time="0.000" /><testcase classname="v5.tests.test_cmbp_tier0" name="test_readiness_sealer_runs_exact_tests_in_credential_free_plugin_isolated_environment" time="0.001" /><testcase classname="v5.tests.test_cmbp_tier0" name="test_readiness_sealer_refuses_argv_before_importing_tier0" time="0.000" /><testcase classname="v5.tests.test_cmbp_tier0_paid" name="test_paid_contract_preserves_exact_job51_scope_v1_evidence_and_lifetime_caps" time="0.061" /><testcase classname="v5.tests.test_cmbp_tier0_paid" name="test_paid_readiness_junit_requires_exact_pinned_population_not_clean_subset" time="0.001" /><testcase classname="v5.tests.test_cmbp_tier0_paid" name="test_paid_readiness_build_validate_binds_inputs_sdk_and_local_only_integrity" time="0.002" /><testcase classname="v5.tests.test_cmbp_tier0_paid" name="test_paid_sdk_identity_binds_compression_default_ca_and_http_dependencies" time="0.022" /><testcase classname="v5.tests.test_cmbp_tier0_paid" name="test_paid_session_qc_round_trips_against_dbn_and_exact_journal_source" time="0.027" /><testcase classname="v5.tests.test_cmbp_tier0_paid" name="test_paid_session_qc_refuses_self_rehashed_source_cost_readiness_or_dbn_tamper[paid_readiness]" time="0.035" /><testcase classname="v5.tests.test_cmbp_tier0_paid" name="test_paid_session_qc_refuses_self_rehashed_source_cost_readiness_or_dbn_tamper[self_consistent_cost_quote]" time="0.026" /><testcase classname="v5.tests.test_cmbp_tier0_paid" name="test_paid_session_qc_refuses_self_rehashed_source_cost_readiness_or_dbn_tamper[commitment_index]" time="0.036" /><testcase classname="v5.tests.test_cmbp_tier0_paid" name="test_paid_session_qc_refuses_self_rehashed_source_cost_readiness_or_dbn_tamper[source_sequence]" time="0.026" /><testcase classname="v5.tests.test_cmbp_tier0_paid" name="test_paid_session_qc_refuses_self_rehashed_source_cost_readiness_or_dbn_tamper[source_hash]" time="0.036" /><testcase classname="v5.tests.test_cmbp_tier0_paid" name="test_paid_session_qc_refuses_self_rehashed_source_cost_readiness_or_dbn_tamper[raw_dbn]" time="0.025" /><testcase classname="v5.tests.test_cmbp_tier0_paid" name="test_paid_session_qc_refuses_self_rehashed_source_cost_readiness_or_dbn_tamper[dbn_metadata]" time="0.036" /><testcase classname="v5.tests.test_cmbp_tier0_paid" name="test_paid_session_qc_refuses_self_rehashed_source_cost_readiness_or_dbn_tamper[missing_max_stream_silence]" time="0.026" /><testcase classname="v5.tests.test_cmbp_tier0_paid" name="test_paid_session_qc_refuses_self_rehashed_source_cost_readiness_or_dbn_tamper[negative_max_stream_silence]" time="0.037" /><testcase classname="v5.tests.test_cmbp_tier0_paid" name="test_paid_session_qc_refuses_self_rehashed_source_cost_readiness_or_dbn_tamper[missing_instrument_silences]" time="0.026" /><testcase classname="v5.tests.test_cmbp_tier0_paid" name="test_paid_session_qc_refuses_self_rehashed_source_cost_readiness_or_dbn_tamper[inconsistent_instrument_silence]" time="0.036" /><testcase classname="v5.tests.test_cmbp_tier0_paid" name="test_paid_session_qc_refuses_source_result_absent_from_all_attempt_reconstruction" time="0.025" /><testcase classname="v5.tests.test_cmbp_tier0_paid" name="test_paid_population_refuses_disappeared_durably_published_final_before_retry" time="0.035" /><testcase classname="v5.tests.test_cmbp_tier0_paid" name="test_full_21_session_paid_aggregate_round_trips_and_refuses_self_rehashed_final" time="0.324" /><testcase classname="v5.tests.test_cmbp_tier0_paid" name="test_paid_aggregate_restart_tolerates_free_space_change_but_not_stable_volume_drift" time="0.264" /><testcase classname="v5.tests.test_cmbp_tier0_paid" name="test_paid_aggregate_refuses_equal_size_publication_bound_to_different_result_hash" time="0.280" /><testcase classname="v5.tests.test_cmbp_tier0_paid" name="test_paid_job_tree_refuses_fabricated_job51_aggregate_after_exact_legacy_stop" time="0.023" /><testcase classname="v5.tests.test_cmbp_tier0_paid" name="test_paid_scope_loader_refuses_self_rehashed_scope_or_legacy_authority_widening[scope_widening]" time="0.045" /><testcase classname="v5.tests.test_cmbp_tier0_paid" name="test_paid_scope_loader_refuses_self_rehashed_scope_or_legacy_authority_widening[different_legacy_quote]" time="0.023" /><testcase classname="v5.tests.test_cmbp_tier0_paid" name="test_paid_quote_normalizer_accepts_unsigned_finite_numeric[0-0]" time="0.000" /><testcase classname="v5.tests.test_cmbp_tier0_paid" name="test_paid_quote_normalizer_accepts_unsigned_finite_numeric[value1-0.950392448902]" time="0.000" /><testcase classname="v5.tests.test_cmbp_tier0_paid" name="test_paid_quote_normalizer_accepts_unsigned_finite_numeric[1-1]" time="0.000" /><testcase classname="v5.tests.test_cmbp_tier0_paid" name="test_paid_quote_normalizer_accepts_unsigned_finite_numeric[1.5-1.5]" time="0.000" /><testcase classname="v5.tests.test_cmbp_tier0_paid" name="test_paid_quote_normalizer_accepts_unsigned_finite_numeric[value4-1.50]" time="0.000" /><testcase classname="v5.tests.test_cmbp_tier0_paid" name="test_paid_quote_normalizer_rejects_bool_string_nonfinite_negative_and_signed_zero[True]" time="0.000" /><testcase classname="v5.tests.test_cmbp_tier0_paid" name="test_paid_quote_normalizer_rejects_bool_string_nonfinite_negative_and_signed_zero[False]" time="0.000" /><testcase classname="v5.tests.test_cmbp_tier0_paid" name="test_paid_quote_normalizer_rejects_bool_string_nonfinite_negative_and_signed_zero[0.95]" time="0.000" /><testcase classname="v5.tests.test_cmbp_tier0_paid" name="test_paid_quote_normalizer_rejects_bool_string_nonfinite_negative_and_signed_zero[None]" time="0.000" /><testcase classname="v5.tests.test_cmbp_tier0_paid" name="test_paid_quote_normalizer_rejects_bool_string_nonfinite_negative_and_signed_zero[value4]" time="0.000" /><testcase classname="v5.tests.test_cmbp_tier0_paid" name="test_paid_quote_normalizer_rejects_bool_string_nonfinite_negative_and_signed_zero[value5]" time="0.000" /><testcase classname="v5.tests.test_cmbp_tier0_paid" name="test_paid_quote_normalizer_rejects_bool_string_nonfinite_negative_and_signed_zero[value6]" time="0.000" /><testcase classname="v5.tests.test_cmbp_tier0_paid" name="test_paid_quote_normalizer_rejects_bool_string_nonfinite_negative_and_signed_zero[nan]" time="0.000" /><testcase classname="v5.tests.test_cmbp_tier0_paid" name="test_paid_quote_normalizer_rejects_bool_string_nonfinite_negative_and_signed_zero[inf]" time="0.000" /><testcase classname="v5.tests.test_cmbp_tier0_paid" name="test_paid_quote_normalizer_rejects_bool_string_nonfinite_negative_and_signed_zero[-1]" time="0.000" /><testcase classname="v5.tests.test_cmbp_tier0_paid" name="test_paid_quote_normalizer_rejects_bool_string_nonfinite_negative_and_signed_zero[value10]" time="0.000" /><testcase classname="v5.tests.test_cmbp_tier0_paid" name="test_paid_quote_normalizer_rejects_bool_string_nonfinite_negative_and_signed_zero[-0.0]" time="0.000" /><testcase classname="v5.tests.test_cmbp_tier0_paid" name="test_per_session_lifetime_cap_allows_exact_150_and_refuses_smallest_excess_before_timeseries" time="0.007" /><testcase classname="v5.tests.test_cmbp_tier0_paid" name="test_single_quote_above_150_stops_before_timeseries_or_commitment" time="0.002" /><testcase classname="v5.tests.test_cmbp_tier0_paid" name="test_exact_zero_paid_quote_still_creates_one_disclosed_start_commitment" time="0.002" /><testcase classname="v5.tests.test_cmbp_tier0_paid" name="test_malformed_paid_quote_is_durably_refused_before_timeseries[True]" time="0.002" /><testcase classname="v5.tests.test_cmbp_tier0_paid" name="test_malformed_paid_quote_is_durably_refused_before_timeseries[0.50]" time="0.002" /><testcase classname="v5.tests.test_cmbp_tier0_paid" name="test_malformed_paid_quote_is_durably_refused_before_timeseries[value2]" time="0.002" /><testcase classname="v5.tests.test_cmbp_tier0_paid" name="test_malformed_paid_quote_is_durably_refused_before_timeseries[value3]" time="0.001" /><testcase classname="v5.tests.test_cmbp_tier0_paid" name="test_malformed_paid_quote_is_durably_refused_before_timeseries[-1]" time="0.001" /><testcase classname="v5.tests.test_cmbp_tier0_paid" name="test_malformed_paid_quote_is_durably_refused_before_timeseries[value5]" time="0.002" /><testcase classname="v5.tests.test_cmbp_tier0_paid" name="test_malformed_paid_quote_is_durably_refused_before_timeseries[-0.0]" time="0.001" /><testcase classname="v5.tests.test_cmbp_tier0_paid" name="test_cost_transport_error_has_zero_commitment_no_timeseries_and_redacted_journal" time="0.001" /><testcase classname="v5.tests.test_cmbp_tier0_paid" name="test_high_scale_decimal_addition_cannot_round_a_session_cap_breach_down_to_150" time="0.003" /><testcase classname="v5.tests.test_cmbp_tier0_paid" name="test_pure_projection_allows_exact_3200_and_refuses_smallest_total_excess" time="0.000" /><testcase classname="v5.tests.test_cmbp_tier0_paid" name="test_paid_budget_state_refuses_signed_nonfinite_inconsistent_or_over_cap_inputs[kwargs0]" time="0.000" /><testcase classname="v5.tests.test_cmbp_tier0_paid" name="test_paid_budget_state_refuses_signed_nonfinite_inconsistent_or_over_cap_inputs[kwargs1]" time="0.000" /><testcase classname="v5.tests.test_cmbp_tier0_paid" name="test_paid_budget_state_refuses_signed_nonfinite_inconsistent_or_over_cap_inputs[kwargs2]" time="0.000" /><testcase classname="v5.tests.test_cmbp_tier0_paid" name="test_paid_budget_state_refuses_signed_nonfinite_inconsistent_or_over_cap_inputs[kwargs3]" time="0.000" /><testcase classname="v5.tests.test_cmbp_tier0_paid" name="test_paid_budget_state_refuses_signed_nonfinite_inconsistent_or_over_cap_inputs[kwargs4]" time="0.000" /><testcase classname="v5.tests.test_cmbp_tier0_paid" name="test_paid_budget_state_refuses_signed_nonfinite_inconsistent_or_over_cap_inputs[kwargs5]" time="0.000" /><testcase classname="v5.tests.test_cmbp_tier0_paid" name="test_paid_run_lock_reuses_job51_lock_without_mutating_any_v1_byte" time="0.001" /><testcase classname="v5.tests.test_cmbp_tier0_paid" name="test_paid_lock_binding_is_separate_idempotent_and_refuses_self_rehashed_drift" time="0.001" /><testcase classname="v5.tests.test_cmbp_tier0_paid" name="test_paid_attempt_anchor_detects_deleted_latest_committed_attempt" time="0.038" /><testcase classname="v5.tests.test_cmbp_tier0_paid" name="test_paid_attempt_anchor_refuses_self_rehashed_rollback_omitting_advanced_attempt" time="0.028" /><testcase classname="v5.tests.test_cmbp_tier0_paid" name="test_paid_attempt_anchor_cannot_be_reinitialized_after_advanced_attempt" time="0.036" /><testcase classname="v5.tests.test_cmbp_tier0_paid" name="test_fresh_quote_and_identical_request_are_adjacent_and_commit_before_vendor_start" time="0.003" /><testcase classname="v5.tests.test_cmbp_tier0_paid" name="test_quote_only_crash_commits_zero_and_restart_must_get_a_fresh_quote" time="0.003" /><testcase classname="v5.tests.test_cmbp_tier0_paid" name="test_crash_after_durable_start_before_sdk_call_leaves_full_commitment_on_disk" time="0.002" /><testcase classname="v5.tests.test_cmbp_tier0_paid" name="test_disk_reconstruction_counts_durable_pending_start_even_when_process_state_never_mutated" time="0.065" /><testcase classname="v5.tests.test_cmbp_tier0_paid" name="test_disk_reconstruction_excludes_stale_quote_then_fresh_retry_commits_once" time="0.087" /><testcase classname="v5.tests.test_cmbp_tier0_paid" name="test_disk_reconstruction_adds_failed_start_and_fresh_retry_without_refund" time="0.099" /><testcase classname="v5.tests.test_cmbp_tier0_paid" name="test_disk_reconstruction_cost_error_is_zero_commitment_and_new_attempt_requotes" time="0.087" /><testcase classname="v5.tests.test_cmbp_tier0_paid" name="test_disk_reconstruction_uses_commitment_index_not_random_uuid_lexical_order" time="0.100" /><testcase classname="v5.tests.test_cmbp_tier0_paid" name="test_commitment_indices_must_increase_in_physical_attempt_and_journal_order" time="0.063" /><testcase classname="v5.tests.test_cmbp_tier0_paid" name="test_later_uncommitted_quote_cannot_reset_count_below_prior_physical_start" time="0.072" /><testcase classname="v5.tests.test_cmbp_tier0_paid" name="test_later_attempt_cannot_resume_through_prior_terminal_cap_failure" time="0.074" /><testcase classname="v5.tests.test_cmbp_tier0_paid" name="test_terminal_quote_failure_forbids_any_later_attempt_vendor_activity_at_same_count[passing_quote]" time="0.062" /><testcase classname="v5.tests.test_cmbp_tier0_paid" name="test_terminal_quote_failure_forbids_any_later_attempt_vendor_activity_at_same_count[cost_error]" time="0.071" /><testcase classname="v5.tests.test_cmbp_tier0_paid" name="test_terminal_quote_failure_forbids_any_later_attempt_vendor_activity_at_same_count[client_constructed]" time="0.072" /><testcase classname="v5.tests.test_cmbp_tier0_paid" name="test_prior_start_then_later_terminal_cap_is_reported_without_erasing_commitment" time="0.098" /><testcase classname="v5.tests.test_cmbp_tier0_paid" name="test_paid_scanner_binds_client_sdk_identity_to_readiness_identity" time="0.053" /><testcase classname="v5.tests.test_cmbp_tier0_paid" name="test_scanner_refuses_duplicate_commitment_index_or_reset_running_total_across_attempts" time="0.068" /><testcase classname="v5.tests.test_cmbp_tier0_paid" name="test_semantic_reconstruction_refuses_validly_hash_chained_forged_running_total" time="0.056" /><testcase classname="v5.tests.test_cmbp_tier0_paid" name="test_paid_scanner_refuses_self_rehashed_marker_semantics_that_differ_from_journal[payload]" time="0.058" /><testcase classname="v5.tests.test_cmbp_tier0_paid" name="test_paid_scanner_refuses_self_rehashed_marker_semantics_that_differ_from_journal[recorded_at_utc]" time="0.059" /><testcase classname="v5.tests.test_cmbp_tier0_paid" name="test_paid_scanner_refuses_self_rehashed_marker_semantics_that_differ_from_journal[unexpected_field]" time="0.068" /><testcase classname="v5.tests.test_cmbp_tier0_paid" name="test_paid_scanner_refuses_unexpected_attempt_tree_child" time="0.054" /><testcase classname="v5.tests.test_cmbp_tier0_paid" name="test_paid_scanner_refuses_cost_result_start_adjacency_or_identity_tamper[quote]" time="0.055" /><testcase classname="v5.tests.test_cmbp_tier0_paid" name="test_paid_scanner_refuses_cost_result_start_adjacency_or_identity_tamper[cost_result_hash]" time="0.063" /><testcase classname="v5.tests.test_cmbp_tier0_paid" name="test_paid_scanner_refuses_cost_result_start_adjacency_or_identity_tamper[request_sha]" time="0.063" /><testcase classname="v5.tests.test_cmbp_tier0_paid" name="test_paid_scanner_refuses_cost_result_start_adjacency_or_identity_tamper[session]" time="0.064" /><testcase classname="v5.tests.test_cmbp_tier0_paid" name="test_paid_scanner_refuses_cost_result_start_adjacency_or_identity_tamper[parameters]" time="0.062" /><testcase classname="v5.tests.test_cmbp_tier0_paid" name="test_semantic_reconstruction_refuses_validly_journaled_out_of_scope_call_and_staging" time="0.065" /><testcase classname="v5.tests.test_cmbp_tier0_paid" name="test_disk_reconstruction_makes_cap_or_malformed_quote_terminal_across_resume[quote0]" time="0.056" /><testcase classname="v5.tests.test_cmbp_tier0_paid" name="test_disk_reconstruction_makes_cap_or_malformed_quote_terminal_across_resume[0.10]" time="0.057" /><testcase classname="v5.tests.test_cmbp_tier0_paid" name="test_disk_reconstruction_makes_cap_or_malformed_quote_terminal_across_resume[quote2]" time="0.056" /><testcase classname="v5.tests.test_cmbp_tier0_paid" name="test_paid_scanner_refuses_timeseries_start_after_failed_cap_decision" time="0.057" /><testcase classname="v5.tests.test_cmbp_tier0_paid" name="test_time_series_start_commitment_is_not_refunded_after_transport_failure" time="0.004" /><testcase classname="v5.tests.test_cmbp_tier0_paid" name="test_paid_scanner_requires_new_process_attempt_after_vendor_call_error[cost]" time="0.056" /><testcase classname="v5.tests.test_cmbp_tier0_paid" name="test_paid_scanner_requires_new_process_attempt_after_vendor_call_error[timeseries]" time="0.065" /><testcase classname="v5.tests.test_cmbp_tier0_paid" name="test_paid_publication_modes_follow_global_state_machine[first_reused]" time="0.064" /><testcase classname="v5.tests.test_cmbp_tier0_paid" name="test_paid_publication_modes_follow_global_state_machine[recovered_after_publication]" time="0.087" /><testcase classname="v5.tests.test_cmbp_tier0_paid" name="test_paid_publication_modes_follow_global_state_machine[duplicate_same_attempt]" time="0.046" /><testcase classname="v5.tests.test_cmbp_tier0_paid" name="test_paid_publication_cannot_cite_result_from_future_attempt_lineage" time="0.076" /><testcase classname="v5.tests.test_cmbp_tier0_paid" name="test_global_successful_result_barrier_forbids_next_attempt_client_before_recovery" time="0.086" /><testcase classname="v5.tests.test_cmbp_tier0_paid" name="test_global_successful_result_barrier_rejects_duplicate_successful_stream" time="0.096" /><testcase classname="v5.tests.test_cmbp_tier0_paid" name="test_paid_result_must_be_published_before_next_vendor_pair_in_same_attempt" time="0.074" /><testcase classname="v5.tests.test_cmbp_tier0_paid" name="test_paid_publication_forbids_any_later_vendor_call_for_same_session[SESSION_PUBLISHED]" time="0.075" /><testcase classname="v5.tests.test_cmbp_tier0_paid" name="test_paid_publication_forbids_any_later_vendor_call_for_same_session[SESSION_RECOVERED]" time="0.075" /><testcase classname="v5.tests.test_cmbp_tier0_paid" name="test_paid_publication_forbids_any_later_vendor_call_for_same_session[SESSION_REUSED]" time="0.076" /><testcase classname="v5.tests.test_cmbp_tier0_paid" name="test_missing_paid_lock_binding_cannot_be_recreated_after_paid_state_exists" time="0.002" /><testcase classname="v5.tests.test_cmbp_tier0_paid" name="test_partial_resume_seal_accepts_prior_publications_and_exact_current_epoch_reuse" time="0.130" /><testcase classname="v5.tests.test_cmbp_tier0_paid" name="test_all_21_session_lifetime_caps_reach_exact_reachable_maximum_3150" time="0.075" /><testcase classname="v5.tests.test_cmbp_tier0_paid" name="test_paid_ops_argv_refusal_precedes_research_imports[acquire_cmbp_tier0_paid-STOP_UNEXPECTED_ARGUMENTS: this paid runner accepts no arguments]" time="0.001" /><testcase classname="v5.tests.test_cmbp_tier0_paid" name="test_paid_ops_argv_refusal_precedes_research_imports[seal_cmbp_tier0_paid_readiness-STOP_UNEXPECTED_ARGUMENTS: this paid sealer accepts no arguments]" time="0.000" /><testcase classname="v5.tests.test_cmbp_tier0_paid" name="test_paid_runner_rejects_proxy_tls_ca_netrc_environment_before_credential_and_vendor" time="0.091" /><testcase classname="v5.tests.test_cmbp_tier0_paid" name="test_paid_runner_rejects_default_netrc_path_without_reading_it_or_accessing_credential[.netrc-False]" time="0.111" /><testcase classname="v5.tests.test_cmbp_tier0_paid" name="test_paid_runner_rejects_default_netrc_path_without_reading_it_or_accessing_credential[_netrc-True]" time="0.090" /><testcase classname="v5.tests.test_cmbp_tier0_paid" name="test_paid_runner_rechecks_request_environment_immediately_before_credential" time="0.131" /><testcase classname="v5.tests.test_cmbp_tier0_paid" name="test_paid_runner_prior_terminal_quote_failure_stops_before_new_attempt_or_credential" time="0.113" /><testcase classname="v5.tests.test_cmbp_tier0_paid" name="test_paid_runner_invalid_existing_aggregate_stops_before_attempt_credential_or_vendor" time="0.066" /><testcase classname="v5.tests.test_cmbp_tier0_paid" name="test_paid_runner_lost_successful_stream_stops_before_new_attempt_or_credential" time="0.092" /><testcase classname="v5.tests.test_cmbp_tier0_paid" name="test_paid_runner_recovers_successful_stream_locally_before_credential[staging]" time="0.181" /><testcase classname="v5.tests.test_cmbp_tier0_paid" name="test_paid_runner_recovers_successful_stream_locally_before_credential[renamed_final]" time="0.167" /><testcase classname="v5.tests.test_cmbp_tier0_paid" name="test_paid_runner_anchor_update_failure_leaves_header_only_without_stop" time="0.108" /><testcase classname="v5.tests.test_cmbp_tier0_paid" name="test_paid_runner_does_not_append_stop_after_aggregate_bytes_become_durable" time="0.410" /><testcase classname="v5.tests.test_cmbp_tier0_paid" name="test_paid_runner_mocked_21_session_success_preserves_exact_pair_order_and_publishes_aggregate" time="1.399" /><testcase classname="v5.tests.test_cmbp_tier0_paid" name="test_paid_runner_reconstructs_missing_aggregate_from_sealed_finals_without_credential" time="0.445" /><testcase classname="v5.tests.test_cmbp_tier0_paid" name="test_paid_sealer_runs_exact_sterile_command_and_atomically_publishes_readiness" time="0.009" /><testcase classname="v5.tests.test_cmbp_tier0_paid" name="test_paid_sealer_failed_tests_retain_only_private_diagnostic_temp" time="0.001" /></testsuite></testsuites>