<?xml version="1.0" encoding="utf-8"?><testsuites name="pytest tests"><testsuite name="pytest" errors="0" failures="0" skipped="0" tests="78" time="1.312" timestamp="2026-08-24T19:08:42.691998-07:00" hostname="och.local"><testcase classname="v5.tests.test_cmbp_stream" name="test_resolution_and_historical_metadata_mapping_are_exact_one_to_one" time="0.000" /><testcase classname="v5.tests.test_cmbp_stream" name="test_historical_and_live_records_share_identical_market_semantics" time="0.000" /><testcase classname="v5.tests.test_cmbp_stream" name="test_immediate_prior_is_per_instrument_and_classifies_all_price_regions" time="0.000" /><testcase classname="v5.tests.test_cmbp_stream" name="test_receive_tie_is_excluded_even_when_event_time_suggests_an_order" time="0.000" /><testcase classname="v5.tests.test_cmbp_stream" name="test_receive_regression_is_sticky_fatal_but_event_regression_is_diagnostic" time="0.000" /><testcase classname="v5.tests.test_cmbp_stream" name="test_disconnect_reconnect_and_gap_each_clear_prior_book_state" time="0.000" /><testcase classname="v5.tests.test_cmbp_stream" name="test_bad_and_unusable_prior_books_are_counted_and_excluded_not_fatal" time="0.000" /><testcase classname="v5.tests.test_cmbp_stream" name="test_wrong_rtype_and_out_of_window_records_fail_closed[&lt;lambda&gt;-STOP_WRONG_RTYPE]" time="0.000" /><testcase classname="v5.tests.test_cmbp_stream" name="test_wrong_rtype_and_out_of_window_records_fail_closed[&lt;lambda&gt;-STOP_OUT_OF_WINDOW]" time="0.000" /><testcase classname="v5.tests.test_cmbp_stream" name="test_mapping_mismatch_unmapped_data_and_incomplete_terminal_set_fail_closed" time="0.000" /><testcase classname="v5.tests.test_cmbp_stream" name="test_sdk_shaped_mapping_and_cmbp_records_use_levels_zero_without_pandas" time="0.000" /><testcase classname="v5.tests.test_cmbp_stream" name="test_sdk_shaped_undefined_participant_counts_do_not_break_book_decode" time="0.000" /><testcase classname="v5.tests.test_cmbp_stream" name="test_system_controls_are_counted_and_error_records_are_fatal" time="0.000" /><testcase classname="v5.tests.test_cmbp_stream" name="test_record_count_reconciliation_summary_is_frozen_and_canonical_json_safe" time="0.000" /><testcase classname="v5.tests.test_cmbp_stream" name="test_missing_expected_instrument_and_preload_drift_are_terminal_failures" time="0.000" /><testcase classname="v5.tests.test_cmbp_stream" name="test_inputs_and_emitted_events_are_frozen_values" time="0.000" /><testcase classname="v5.tests.test_cmbp_stream" name="test_malformed_public_ingress_failures_are_sticky" time="0.000" /><testcase classname="v5.tests.test_cmbp_tier0" name="test_frozen_scope_reconstructs_exact_21_sessions_and_totals" time="0.026" /><testcase classname="v5.tests.test_cmbp_tier0" name="test_outcome_blind_spacing_reconstructs_from_all_228_zero_cost_sessions" time="0.022" /><testcase classname="v5.tests.test_cmbp_tier0" name="test_selection_refuses_a_changed_zero_cost_population" time="0.042" /><testcase classname="v5.tests.test_cmbp_tier0" name="test_scope_destination_widening_is_refused_even_when_self_rehashed" time="0.016" /><testcase classname="v5.tests.test_cmbp_tier0" name="test_program_contract_cannot_be_rehashed_to_allow_scope_widening" time="0.009" /><testcase classname="v5.tests.test_cmbp_tier0" name="test_exact_zero_quote_accepts_only_unsigned_numeric_zero[integer]" time="0.000" /><testcase classname="v5.tests.test_cmbp_tier0" name="test_exact_zero_quote_accepts_only_unsigned_numeric_zero[float]" time="0.000" /><testcase classname="v5.tests.test_cmbp_tier0" name="test_exact_zero_quote_accepts_only_unsigned_numeric_zero[decimal]" time="0.000" /><testcase classname="v5.tests.test_cmbp_tier0" name="test_exact_zero_quote_accepts_only_unsigned_numeric_zero[decimal-exponent]" time="0.000" /><testcase classname="v5.tests.test_cmbp_tier0" name="test_exact_zero_quote_rejects_malformed_nonfinite_signed_or_nonzero[false]" time="0.000" /><testcase classname="v5.tests.test_cmbp_tier0" name="test_exact_zero_quote_rejects_malformed_nonfinite_signed_or_nonzero[true]" time="0.000" /><testcase classname="v5.tests.test_cmbp_tier0" name="test_exact_zero_quote_rejects_malformed_nonfinite_signed_or_nonzero[string]" time="0.000" /><testcase classname="v5.tests.test_cmbp_tier0" name="test_exact_zero_quote_rejects_malformed_nonfinite_signed_or_nonzero[bytes]" time="0.000" /><testcase classname="v5.tests.test_cmbp_tier0" name="test_exact_zero_quote_rejects_malformed_nonfinite_signed_or_nonzero[none]" time="0.000" /><testcase classname="v5.tests.test_cmbp_tier0" name="test_exact_zero_quote_rejects_malformed_nonfinite_signed_or_nonzero[float-nan]" time="0.000" /><testcase classname="v5.tests.test_cmbp_tier0" name="test_exact_zero_quote_rejects_malformed_nonfinite_signed_or_nonzero[float-inf]" time="0.000" /><testcase classname="v5.tests.test_cmbp_tier0" name="test_exact_zero_quote_rejects_malformed_nonfinite_signed_or_nonzero[float-minus-inf]" time="0.000" /><testcase classname="v5.tests.test_cmbp_tier0" name="test_exact_zero_quote_rejects_malformed_nonfinite_signed_or_nonzero[decimal-nan]" time="0.000" /><testcase classname="v5.tests.test_cmbp_tier0" name="test_exact_zero_quote_rejects_malformed_nonfinite_signed_or_nonzero[decimal-inf]" time="0.000" /><testcase classname="v5.tests.test_cmbp_tier0" name="test_exact_zero_quote_rejects_malformed_nonfinite_signed_or_nonzero[negative-float-zero]" time="0.000" /><testcase classname="v5.tests.test_cmbp_tier0" name="test_exact_zero_quote_rejects_malformed_nonfinite_signed_or_nonzero[negative-decimal-zero]" time="0.000" /><testcase classname="v5.tests.test_cmbp_tier0" name="test_exact_zero_quote_rejects_malformed_nonfinite_signed_or_nonzero[positive-int]" time="0.000" /><testcase classname="v5.tests.test_cmbp_tier0" name="test_exact_zero_quote_rejects_malformed_nonfinite_signed_or_nonzero[positive-float]" time="0.000" /><testcase classname="v5.tests.test_cmbp_tier0" name="test_exact_zero_quote_rejects_malformed_nonfinite_signed_or_nonzero[positive-decimal]" time="0.000" /><testcase classname="v5.tests.test_cmbp_tier0" name="test_exact_zero_quote_rejects_malformed_nonfinite_signed_or_nonzero[negative-int]" time="0.000" /><testcase classname="v5.tests.test_cmbp_tier0" name="test_acquisition_calls_gate_then_cost_then_identical_timeseries_request" time="0.003" /><testcase classname="v5.tests.test_cmbp_tier0" name="test_positive_quote_stops_before_timeseries_and_records_failed_gate" time="0.001" /><testcase classname="v5.tests.test_cmbp_tier0" name="test_cost_transport_error_stops_before_timeseries_and_redacts_message" time="0.001" /><testcase classname="v5.tests.test_cmbp_tier0" name="test_existing_output_path_stops_before_gate_or_vendor_call" time="0.000" /><testcase classname="v5.tests.test_cmbp_tier0" name="test_timeseries_failure_is_journaled_without_automatic_retry" time="0.002" /><testcase classname="v5.tests.test_cmbp_tier0" name="test_journal_watermark_advances_and_call_markers_bind_every_call_event" time="0.001" /><testcase classname="v5.tests.test_cmbp_tier0" name="test_valid_prefix_journal_truncation_is_detected_by_retained_watermark" time="0.001" /><testcase classname="v5.tests.test_cmbp_tier0" name="test_missing_exclusive_call_marker_is_detected" time="0.001" /><testcase classname="v5.tests.test_cmbp_tier0" name="test_marker_directory_refuses_unexpected_filename_or_file_type" time="0.001" /><testcase classname="v5.tests.test_cmbp_tier0" name="test_watermark_identity_cannot_be_rehashed_for_another_attempt" time="0.001" /><testcase classname="v5.tests.test_cmbp_tier0" name="test_run_lock_is_nonblocking_bound_and_reacquirable_after_close" time="0.000" /><testcase classname="v5.tests.test_cmbp_tier0" name="test_noncanonical_destination_path_stops_before_diskutil" time="0.000" /><testcase classname="v5.tests.test_cmbp_tier0" name="test_readiness_junit_helper_accepts_only_clean_focused_job51_report" time="0.001" /><testcase classname="v5.tests.test_cmbp_tier0" name="test_readiness_build_and_validation_bind_files_report_sdk_and_local_only_claim" time="0.001" /><testcase classname="v5.tests.test_cmbp_tier0" name="test_readiness_validation_refuses_bound_file_drift_and_noncanonical_receipt_path" time="0.001" /><testcase classname="v5.tests.test_cmbp_tier0" name="test_readiness_build_refuses_contract_path_widening[../outside.py]" time="0.001" /><testcase classname="v5.tests.test_cmbp_tier0" name="test_readiness_build_refuses_contract_path_widening[/tmp/outside.py]" time="0.001" /><testcase classname="v5.tests.test_cmbp_tier0" name="test_dbn_metadata_accepts_exact_header_and_refuses_partial_or_mapping_drift" time="0.000" /><testcase classname="v5.tests.test_cmbp_tier0" name="test_stream_dbn_qc_consumes_fake_store_incrementally_and_reconciles_count" time="0.307" /><testcase classname="v5.tests.test_cmbp_tier0" name="test_staged_part_validates_publishes_as_one_directory_and_is_reusable" time="0.001" /><testcase classname="v5.tests.test_cmbp_tier0" name="test_aggregate_reconstructs_all_21_tiny_bound_bundles" time="0.136" /><testcase classname="v5.tests.test_cmbp_tier0" name="test_existing_final_preflight_reconstructs_sources_and_refuses_source_drift" time="0.064" /><testcase classname="v5.tests.test_cmbp_tier0" name="test_aggregate_refuses_validly_journaled_out_of_scope_vendor_call" time="0.060" /><testcase classname="v5.tests.test_cmbp_tier0" name="test_aggregate_refuses_out_of_scope_part_bundle_in_attempt_staging" time="0.039" /><testcase classname="v5.tests.test_cmbp_tier0" name="test_aggregate_refuses_self_rehashed_final_with_widened_request_projection" time="0.059" /><testcase classname="v5.tests.test_cmbp_tier0" name="test_aggregate_refuses_session_qc_source_attempt_hash_mismatch" time="0.047" /><testcase classname="v5.tests.test_cmbp_tier0" name="test_aggregate_refuses_unexpected_attempts_tree_entry" time="0.053" /><testcase classname="v5.tests.test_cmbp_tier0" name="test_aggregate_refuses_unexpected_sessions_tree_entry" time="0.042" /><testcase classname="v5.tests.test_cmbp_tier0" name="test_reuse_only_post_completion_attempt_cannot_recreate_pass" time="0.065" /><testcase classname="v5.tests.test_cmbp_tier0" name="test_runner_main_happy_path_orchestrates_all_21_fake_sessions_to_aggregate_pass" time="0.108" /><testcase classname="v5.tests.test_cmbp_tier0" name="test_runner_prior_nonzero_quote_stops_before_credential_client_or_new_attempt" time="0.051" /><testcase classname="v5.tests.test_cmbp_tier0" name="test_runner_existing_final_source_mismatch_stops_before_credential_or_new_attempt" time="0.048" /><testcase classname="v5.tests.test_cmbp_tier0" name="test_runner_terminal_aggregate_receipt_stops_before_reuse_or_credential" time="0.049" /><testcase classname="v5.tests.test_cmbp_tier0" name="test_runner_refuses_any_argv_before_scope_or_credential_gate" time="0.000" /><testcase classname="v5.tests.test_cmbp_tier0" name="test_readiness_sealer_runs_exact_tests_in_credential_free_plugin_isolated_environment" time="0.001" /><testcase classname="v5.tests.test_cmbp_tier0" name="test_readiness_sealer_refuses_argv_before_importing_tier0" time="0.000" /></testsuite></testsuites>