<?xml version="1.0" encoding="utf-8"?><testsuites name="pytest tests"><testsuite name="pytest" errors="0" failures="0" skipped="0" tests="64" time="0.623" timestamp="2026-08-24T10:25:26.142638-07:00" hostname="och.local"><testcase classname="v5.tests.test_human_decision_log" name="test_initialize_is_exclusive_private_and_deterministic_utc" time="0.002" /><testcase classname="v5.tests.test_human_decision_log" name="test_event_kind_vocabulary_is_exact" time="0.000" /><testcase classname="v5.tests.test_human_decision_log" name="test_action_vocabulary_is_exact" time="0.000" /><testcase classname="v5.tests.test_human_decision_log" name="test_monitoring_off_unanswered_prompt_and_missing_are_not_wait" time="0.005" /><testcase classname="v5.tests.test_human_decision_log" name="test_decision_requires_explicit_monitoring_and_snapshot_hashes" time="0.002" /><testcase classname="v5.tests.test_human_decision_log" name="test_decision_origin_and_prompt_link_are_explicit" time="0.002" /><testcase classname="v5.tests.test_human_decision_log" name="test_position_state_machine_open_hold_exit_and_wait" time="0.004" /><testcase classname="v5.tests.test_human_decision_log" name="test_open_requires_exact_same_day_spxw_osi_and_owner_intent[SPXW 260824C07650000-OPEN_CALL-21-character]" time="0.001" /><testcase classname="v5.tests.test_human_decision_log" name="test_open_requires_exact_same_day_spxw_osi_and_owner_intent[SPXW  260825C07650000-OPEN_CALL-does not equal session]" time="0.002" /><testcase classname="v5.tests.test_human_decision_log" name="test_open_requires_exact_same_day_spxw_osi_and_owner_intent[SPXW  260824P07650000-OPEN_CALL-does not match C]" time="0.001" /><testcase classname="v5.tests.test_human_decision_log" name="test_open_requires_exact_same_day_spxw_osi_and_owner_intent[SPXW  260832C07650000-OPEN_CALL-invalid expiry]" time="0.002" /><testcase classname="v5.tests.test_human_decision_log" name="test_open_requires_exact_same_day_spxw_osi_and_owner_intent[SPXW  260824C00000000-OPEN_CALL-strike must be positive]" time="0.001" /><testcase classname="v5.tests.test_human_decision_log" name="test_risk_metadata_matches_frozen_contract_without_simulation" time="0.000" /><testcase classname="v5.tests.test_human_decision_log" name="test_hold_and_exit_require_the_exact_held_contract" time="0.001" /><testcase classname="v5.tests.test_human_decision_log" name="test_decision_append_lag_boundary_future_and_over_limit" time="0.003" /><testcase classname="v5.tests.test_human_decision_log" name="test_production_append_api_owns_both_seal_clocks" time="0.001" /><testcase classname="v5.tests.test_human_decision_log" name="test_closed_vocabularies_and_training_projection_refuse_free_text" time="0.003" /><testcase classname="v5.tests.test_human_decision_log" name="test_backdated_event_and_backward_append_clock_are_refused" time="0.001" /><testcase classname="v5.tests.test_human_decision_log" name="test_prompt_link_is_backward_single_use_and_causal" time="0.002" /><testcase classname="v5.tests.test_human_decision_log" name="test_duplicate_event_and_decision_ids_are_refused_without_writing" time="0.002" /><testcase classname="v5.tests.test_human_decision_log" name="test_correction_is_a_new_linked_event_not_an_overwrite" time="0.002" /><testcase classname="v5.tests.test_human_decision_log" name="test_append_chain_rejects_mutation_deletion_duplicate_and_backdated_sequence" time="0.003" /><testcase classname="v5.tests.test_human_decision_log" name="test_tail_truncation_is_refused_against_a_recorded_watermark" time="0.008" /><testcase classname="v5.tests.test_human_decision_log" name="test_watermark_is_required_and_advances_on_every_successful_append" time="0.002" /><testcase classname="v5.tests.test_human_decision_log" name="test_watermark_tamper_and_regression_fail_closed" time="0.001" /><testcase classname="v5.tests.test_human_decision_log" name="test_writer_refuses_to_extend_or_launder_a_truncated_prefix" time="0.002" /><testcase classname="v5.tests.test_human_decision_log" name="test_expected_terminal_assertions_are_additional_external_anchors" time="0.001" /><testcase classname="v5.tests.test_human_decision_log" name="test_expected_terminal_anchor_rejects_coordinated_prefix_rollback" time="0.002" /><testcase classname="v5.tests.test_human_decision_log" name="test_outcome_fill_return_and_pnl_fields_are_refused" time="0.001" /><testcase classname="v5.tests.test_human_decision_log" name="test_jsonl_and_symlink_boundaries_are_fail_closed" time="0.001" /><testcase classname="v5.tests.test_human_decision_log" name="test_synthetic_fixture_round_trips_and_verifies_offline" time="0.003" /><testcase classname="v5.tests.test_human_decision_log" name="test_logger_has_no_network_broker_or_market_data_dependency" time="0.007" /><testcase classname="v5.tests.test_cmbp_catalogue_preflight" name="test_scope_uses_exact_raw_osi_band_and_never_parent_symbol" time="0.001" /><testcase classname="v5.tests.test_cmbp_catalogue_preflight" name="test_root_expiry_right_strike_uniqueness_and_sorted_order_are_required" time="0.001" /><testcase classname="v5.tests.test_cmbp_catalogue_preflight" name="test_request_is_one_session_rth_half_open_and_cmbp_only" time="0.001" /><testcase classname="v5.tests.test_cmbp_catalogue_preflight" name="test_only_dataset_range_symbology_cost_and_count_are_allowlisted" time="0.000" /><testcase classname="v5.tests.test_cmbp_catalogue_preflight" name="test_precoverage_date_is_excluded_without_schema_fallback" time="0.001" /><testcase classname="v5.tests.test_cmbp_catalogue_preflight" name="test_byte_exact_osi_requires_two_spaces_and_same_day_expiry" time="0.000" /><testcase classname="v5.tests.test_cmbp_catalogue_preflight" name="test_scope_retains_all_sessions_and_requests_only_event_era" time="0.001" /><testcase classname="v5.tests.test_cmbp_catalogue_preflight" name="test_utc_bounds_are_dst_aware_half_open_and_pin_early_close" time="0.000" /><testcase classname="v5.tests.test_cmbp_catalogue_preflight" name="test_default_ladder_reader_projects_only_raw_symbol" time="0.133" /><testcase classname="v5.tests.test_cmbp_catalogue_preflight" name="test_declaration_tampering_fails_scope_drift" time="0.001" /><testcase classname="v5.tests.test_cmbp_catalogue_preflight" name="test_success_receipt_sums_decimal_costs_exactly_and_authorizes_nothing" time="0.001" /><testcase classname="v5.tests.test_cmbp_catalogue_preflight" name="test_actual_per_session_values_are_summed_not_extrapolated" time="0.001" /><testcase classname="v5.tests.test_cmbp_catalogue_preflight" name="test_zero_cost_requires_positive_record_count" time="0.001" /><testcase classname="v5.tests.test_cmbp_catalogue_preflight" name="test_no_missing_or_silent_session_drop" time="0.001" /><testcase classname="v5.tests.test_cmbp_catalogue_preflight" name="test_nonfinite_cost_missing_count_and_session_drop_fail_closed" time="0.001" /><testcase classname="v5.tests.test_cmbp_catalogue_preflight" name="test_nonfinite_or_negative_cost_fails_closed[nan]" time="0.001" /><testcase classname="v5.tests.test_cmbp_catalogue_preflight" name="test_nonfinite_or_negative_cost_fails_closed[inf]" time="0.001" /><testcase classname="v5.tests.test_cmbp_catalogue_preflight" name="test_nonfinite_or_negative_cost_fails_closed[-0.01]" time="0.001" /><testcase classname="v5.tests.test_cmbp_catalogue_preflight" name="test_exact_total_binds_hard_cap" time="0.001" /><testcase classname="v5.tests.test_cmbp_catalogue_preflight" name="test_schema_and_method_firewalls_fail_closed" time="0.001" /><testcase classname="v5.tests.test_cmbp_catalogue_preflight" name="test_explicit_session_stop_is_preserved" time="0.001" /><testcase classname="v5.tests.test_cmbp_catalogue_preflight" name="test_receipt_tampering_breaks_self_hash" time="0.001" /><testcase classname="v5.tests.test_cmbp_catalogue_preflight" name="test_request_manifest_is_deterministic_and_hash_bound" time="0.001" /><testcase classname="v5.tests.test_cmbp_catalogue_preflight" name="test_cli_builds_and_validates_offline_artifacts" time="0.006" /><testcase classname="v5.tests.test_cmbp_catalogue_preflight" name="test_cli_has_no_network_or_live_client_import" time="0.001" /><testcase classname="v5.tests.test_cmbp_catalogue_preflight" name="test_job49_validator_accepts_offline_artifacts_and_has_no_vendor_client" time="0.001" /><testcase classname="v5.tests.test_cmbp_catalogue_preflight" name="test_selected_64_session_fixture_is_marked_parser_only" time="0.000" /><testcase classname="v5.tests.test_cmbp_catalogue_preflight" name="test_no_availability_cost_free_boundary_or_population_claim_is_emitted" time="0.001" /><testcase classname="v5.tests.test_human_policy_foundation_receipt" name="test_program_contract_semantic_hash_normalizes_storage_status" time="0.001" /><testcase classname="v5.tests.test_human_policy_foundation_receipt" name="test_test_report_requires_zero_failures_and_every_frozen_case" time="0.001" /><testcase classname="v5.tests.test_human_policy_foundation_receipt" name="test_local_receipt_binds_scope_journal_code_and_zero_external_actions" time="0.300" /><testcase classname="v5.tests.test_human_policy_foundation_receipt" name="test_receipt_writer_has_no_network_vendor_broker_market_or_order_import" time="0.002" /></testsuite></testsuites>