<?xml version="1.0" encoding="utf-8"?><testsuites name="pytest tests"><testsuite name="pytest" errors="0" failures="0" skipped="0" tests="151" time="27.916" timestamp="2026-08-01T22:05:53.987155-07:00" hostname="Owens-MacBook-Pro.local"><testcase classname="v4.tests.test_pathd_entry_exit_gate_frozen" name="test_public_api_surface_exact" time="0.066" /><testcase classname="v4.tests.test_pathd_entry_exit_gate_frozen" name="test_signed17_historical_source_neutral_byte_equality" time="0.043" /><testcase classname="v4.tests.test_pathd_entry_exit_gate_frozen" name="test_signed17_lineage_fail_closed" time="0.059" /><testcase classname="v4.tests.test_pathd_entry_exit_gate_frozen" name="test_mutate_future_is_causal_and_live" time="0.649" /><testcase classname="v4.tests.test_pathd_entry_exit_gate_frozen" name="test_frozen_roles_history_and_model_input_boundary" time="0.912" /><testcase classname="v4.tests.test_pathd_entry_exit_gate_frozen" name="test_shared_fill_law_exact" time="0.437" /><testcase classname="v4.tests.test_pathd_entry_exit_gate_frozen" name="test_default_simulator_governor_unchanged_and_research_opt_in" time="1.317" /><testcase classname="v4.tests.test_pathd_entry_exit_gate_frozen" name="test_corpus_hash_precedes_decode" time="0.013" /><testcase classname="v4.tests.test_pathd_entry_exit_gate_frozen" name="test_result_envelope_and_tamper" time="0.193" /><testcase classname="v4.tests.test_pathd_entry_exit_gate_frozen" name="test_fit_gate_tamper_matrix" time="1.582" /><testcase classname="v4.tests.test_pathd_entry_exit_research" name="test_pathd_session_assignment_is_exact_and_firewalled" time="0.001" /><testcase classname="v4.tests.test_pathd_entry_exit_research" name="test_pathd_signed_entry_feature_contract_remains_exactly_17" time="0.000" /><testcase classname="v4.tests.test_pathd_entry_exit_research" name="test_pathd_locked_fill_and_floor_laws" time="0.000" /><testcase classname="v4.tests.test_pathd_entry_exit_research" name="test_pathd_all_mandatory_lineage_negative_fixtures_fail_closed" time="0.000" /><testcase classname="v4.tests.test_pathd_entry_exit_research" name="test_pathd_fold_calibration_is_strictly_before_outer_test[0]" time="0.001" /><testcase classname="v4.tests.test_pathd_entry_exit_research" name="test_pathd_fold_calibration_is_strictly_before_outer_test[1]" time="0.001" /><testcase classname="v4.tests.test_pathd_entry_exit_research" name="test_pathd_fold_calibration_is_strictly_before_outer_test[2]" time="0.001" /><testcase classname="v4.tests.test_pathd_entry_exit_research" name="test_pathd_fold_calibration_is_strictly_before_outer_test[3]" time="0.001" /><testcase classname="v4.tests.test_pathd_entry_exit_research" name="test_pathd_fold_calibration_is_strictly_before_outer_test[4]" time="0.001" /><testcase classname="v4.tests.test_pathd_entry_exit_research" name="test_pathd_inner_blocks_are_forward_chaining_and_embargoed" time="0.001" /><testcase classname="v4.tests.test_pathd_entry_exit_research" name="test_pathd_lineage_requires_implementation_receipt_before_fit" time="0.001" /><testcase classname="v4.tests.test_pathd_entry_exit_research" name="test_pathd_semantic_preregistration_validates_and_has_no_wall_clock" time="0.884" /><testcase classname="v4.tests.test_pathd_entry_exit_research" name="test_pathd_evidence_guard_blocks_all_36_firewall_sessions" time="0.002" /><testcase classname="v4.tests.test_pathd_entry_exit_research" name="test_pathd_holdout_guard_is_narrower_for_permitted_schema_audits" time="0.002" /><testcase classname="v4.tests.test_pathd_entry_exit_research" name="test_pathd_freeze_is_idempotent_and_prereg_alone_cannot_fit" time="4.670" /><testcase classname="v4.tests.test_pathd_entry_exit_research" name="test_pathd_existing_freeze_detects_tampered_sidecar" time="1.897" /><testcase classname="v4.tests.test_pathd_entry_exit_research" name="test_pathd_fit_receipt_paths_reject_noncanonical_labels[../outside.py]" time="0.000" /><testcase classname="v4.tests.test_pathd_entry_exit_research" name="test_pathd_fit_receipt_paths_reject_noncanonical_labels[/tmp/outside.py]" time="0.000" /><testcase classname="v4.tests.test_pathd_entry_exit_research" name="test_pathd_fit_receipt_paths_reject_noncanonical_labels[./v4/research/pathd_entry_exit.py]" time="0.000" /><testcase classname="v4.tests.test_pathd_entry_exit_research" name="test_pathd_fit_receipt_paths_reject_noncanonical_labels[v4/research/../research/pathd_entry_exit.py]" time="0.000" /><testcase classname="v4.tests.test_pathd_entry_exit_research" name="test_pathd_fit_receipt_paths_reject_noncanonical_labels[v4\\research\\pathd_entry_exit.py]" time="0.000" /><testcase classname="v4.tests.test_pathd_entry_exit_research" name="test_pathd_fit_receipt_path_accepts_one_exact_repo_regular_file" time="0.000" /><testcase classname="v4.tests.test_pathd_entry_exit_research" name="test_pathd_closed_fit_roles_resolve_only_frozen_sessions[outer_weights-1-None]" time="0.001" /><testcase classname="v4.tests.test_pathd_entry_exit_research" name="test_pathd_closed_fit_roles_resolve_only_frozen_sessions[outer_calibration-5-None]" time="0.001" /><testcase classname="v4.tests.test_pathd_entry_exit_research" name="test_pathd_closed_fit_roles_resolve_only_frozen_sessions[nested_weights-3-4]" time="0.001" /><testcase classname="v4.tests.test_pathd_entry_exit_research" name="test_pathd_closed_fit_roles_resolve_only_frozen_sessions[nested_calibration-5-4]" time="0.001" /><testcase classname="v4.tests.test_pathd_entry_exit_research" name="test_pathd_closed_fit_roles_resolve_only_frozen_sessions[full_weights-None-None]" time="0.001" /><testcase classname="v4.tests.test_pathd_entry_exit_research" name="test_pathd_closed_fit_roles_resolve_only_frozen_sessions[full_calibration-None-None]" time="0.001" /><testcase classname="v4.tests.test_pathd_entry_exit_research" name="test_pathd_invalid_or_under_calibrated_fit_roles_fail_closed" time="0.001" /><testcase classname="v4.tests.test_pathd_entry_exit_research" name="test_pathd_fit_receipt_rejects_symlinked_source" time="0.000" /><testcase classname="v4.tests.test_pathd_entry_exit_research" name="test_pathd_implementation_receipt_requires_exact_unique_coverage" time="0.002" /><testcase classname="v4.tests.test_pathd_entry_exit_research" name="test_pathd_immutable_source_drift_cannot_be_receipted" time="0.099" /><testcase classname="v4.tests.test_pathd_entry_exit_research" name="test_pathd_production_dependency_closure_rejects_external_escape_imports" time="0.000" /><testcase classname="v4.tests.test_pathd_entry_exit_research" name="test_pathd_production_dependency_closure_rejects_os_process_launches" time="0.001" /><testcase classname="v4.tests.test_pathd_entry_exit_research" name="test_pathd_dependency_closure_allows_offline_imports_and_scans_extensible_tests" time="0.001" /><testcase classname="v4.tests.test_pathd_entry_exit_research" name="test_pathd_test_evidence_rejects_arbitrary_success_command" time="0.024" /><testcase classname="v4.tests.test_pathd_entry_exit_research" name="test_pathd_semantic_validator_rejects_role_or_receipt_contract_drift" time="0.547" /><testcase classname="v4.tests.test_pathd_entry_exit_research" name="test_pathd_result_envelope_fails_closed" time="0.090" /><testcase classname="v4.tests.test_pathd_entry_exit_research" name="test_pathd_stale_or_altered_fit_authorization_is_rejected" time="0.000" /><testcase classname="v4.tests.test_pathd_entry_exit_research" name="test_pathd_owner_locked_operational_contract_tamper_matrix" time="2.007" /><testcase classname="v4.tests.test_pathd_entry_exit_research" name="test_pathd_vix_es_vx_diagnostic_contract_is_closed_and_nonalpha" time="0.290" /><testcase classname="v4.tests.test_pathd_entry_exit_research" name="test_pathd_every_postfreeze_result_carries_exact_holdout_caveat" time="0.003" /><testcase classname="v4.tests.test_pathd_entry_exit_research" name="test_pathd_immutable_pooled_gate_rejects_runner_approved_forged_pass" time="0.198" /><testcase classname="v4.tests.test_pathd_evidence_gate" name="test_access_count_zero_to_one_and_decode_precedence" time="0.004" /><testcase classname="v4.tests.test_pathd_evidence_gate" name="test_direct_gate_call_requires_exact_valid_br_before_any_open[ABSENT]" time="0.001" /><testcase classname="v4.tests.test_pathd_evidence_gate" name="test_direct_gate_call_requires_exact_valid_br_before_any_open[WRONG_SCOPE]" time="0.001" /><testcase classname="v4.tests.test_pathd_evidence_gate" name="test_direct_gate_call_requires_exact_valid_br_before_any_open[FAILED]" time="0.001" /><testcase classname="v4.tests.test_pathd_evidence_gate" name="test_concurrent_and_repeated_open_are_impossible" time="0.002" /><testcase classname="v4.tests.test_pathd_evidence_gate" name="test_invalid_nested_block_seals_skip_without_decode" time="0.001" /><testcase classname="v4.tests.test_pathd_evidence_gate" name="test_result_is_bound_to_exact_dataset_and_revokes_capability" time="0.004" /><testcase classname="v4.tests.test_pathd_evidence_gate" name="test_invalid_typed_result_burns_scope" time="0.003" /><testcase classname="v4.tests.test_pathd_evidence_gate" name="test_later_block_outer_and_diagnostic_order_are_fail_closed" time="0.005" /><testcase classname="v4.tests.test_pathd_evidence_gate" name="test_future_outer_and_premature_shortened_artifacts_are_rejected" time="0.003" /><testcase classname="v4.tests.test_pathd_evidence_gate" name="test_shortened_diagnostic_opens_only_after_primary" time="0.006" /><testcase classname="v4.tests.test_pathd_evidence_gate" name="test_crash_without_complete_result_is_permanently_burned" time="0.003" /><testcase classname="v4.tests.test_pathd_evidence_gate" name="test_crash_with_durable_unsealed_result_is_permanently_burned" time="0.004" /><testcase classname="v4.tests.test_pathd_evidence_gate" name="test_access_receipt_is_canonical_nofollow_and_tamper_evident" time="0.003" /><testcase classname="v4.tests.test_pathd_evidence_gate" name="test_foundation_drift_after_open_burns_before_decode" time="0.002" /><testcase classname="v4.tests.test_pathd_evidence_gate" name="test_sealed_source_bytes_are_rehashed_without_decode" time="0.001" /><testcase classname="v4.tests.test_pathd_holdout_gate" name="test_access_is_exclusive_durable_and_precedes_decode" time="0.065" /><testcase classname="v4.tests.test_pathd_holdout_gate" name="test_result_is_bound_and_durably_sealed" time="0.058" /><testcase classname="v4.tests.test_pathd_holdout_gate" name="test_crash_after_access_burns_and_recovery_never_decodes" time="0.032" /><testcase classname="v4.tests.test_pathd_holdout_gate" name="test_post_access_validation_failure_releases_live_lease" time="0.024" /><testcase classname="v4.tests.test_pathd_holdout_gate" name="test_crash_after_durable_result_burns_without_seal_or_reopen" time="0.067" /><testcase classname="v4.tests.test_pathd_holdout_gate" name="test_decode_failure_aborts_once_and_never_reopens" time="0.041" /><testcase classname="v4.tests.test_pathd_holdout_gate" name="test_forged_verdict_is_recomputed_and_burned" time="0.052" /><testcase classname="v4.tests.test_pathd_holdout_gate" name="test_arbitrary_evaluation_object_cannot_enter_seal" time="0.058" /><testcase classname="v4.tests.test_pathd_holdout_gate" name="test_crash_with_partial_result_stays_corrupt_and_never_decodes" time="0.024" /><testcase classname="v4.tests.test_pathd_holdout_gate" name="test_symlink_partial_reserved_and_unexpected_paths_burn_fail_closed[broken_access_symlink]" time="0.020" /><testcase classname="v4.tests.test_pathd_holdout_gate" name="test_symlink_partial_reserved_and_unexpected_paths_burn_fail_closed[partial_access]" time="0.019" /><testcase classname="v4.tests.test_pathd_holdout_gate" name="test_symlink_partial_reserved_and_unexpected_paths_burn_fail_closed[premature_result]" time="0.009" /><testcase classname="v4.tests.test_pathd_holdout_gate" name="test_symlink_partial_reserved_and_unexpected_paths_burn_fail_closed[unexpected_file]" time="0.008" /><testcase classname="v4.tests.test_pathd_holdout_gate" name="test_packet_and_artifact_tamper_block_before_access" time="0.011" /><testcase classname="v4.tests.test_pathd_holdout_gate" name="test_packet_rejects_declared_pass_or_policy_without_semantic_proof" time="0.009" /><testcase classname="v4.tests.test_pathd_holdout_gate" name="test_preregistration_revalidation_semantically_validates_corpus_receipt" time="0.000" /><testcase classname="v4.tests.test_pathd_holdout_gate" name="test_parent_directory_fsync_failure_prevents_access_receipt" time="0.008" /><testcase classname="v4.tests.test_pathd_holdout_gate" name="test_nonblocking_flock_excludes_a_second_process" time="0.026" /><testcase classname="v4.tests.test_pathd_holdout_gate" name="test_exclusive_writer_rejects_nonfinite_and_every_occupied_inode" time="0.009" /><testcase classname="v4.tests.test_pathd_holdout_gate" name="test_opaque_types_reject_reconstruction_and_bad_abort_reason" time="0.010" /><testcase classname="v4.tests.test_pathd_fixed_science_contract" name="test_authorized_dependency_closure_rejects_unregistered_v4_and_test_imports" time="0.118" /><testcase classname="v4.tests.test_pathd_fixed_science_contract" name="test_entry_family_selection_is_globally_frozen_before_any_outer_open" time="1.198" /><testcase classname="v4.tests.test_pathd_fixed_science_contract" name="test_neural_entry_fit_requires_frozen_hgb_baseline_for_same_scope" time="0.000" /><testcase classname="v4.tests.test_pathd_fixed_science_contract" name="test_entry_composer_scores_wait_and_all_42_actions_under_physical_mask" time="1.095" /><testcase classname="v4.tests.test_pathd_fixed_science_contract" name="test_entry_negative_controls_transform_complete_bundles_and_reject_tamper" time="2.832" /><testcase classname="v4.tests.test_pathd_fixed_science_contract" name="test_matched_random_schedules_enforce_hash_quota_collision_and_no_redraw" time="0.001" /><testcase classname="v4.tests.test_pathd_fixed_science_contract" name="test_calibration_statistics_fixed_vectors_cover_seed_lcb_q10_and_action_deciles" time="1.389" /><testcase classname="v4.tests.test_pathd_fixed_science_contract" name="test_nested_and_outer_evidence_scopes_open_and_seal_exactly_once" time="0.004" /><testcase classname="v4.tests.test_pathd_fixed_science_contract" name="test_nested_and_outer_results_bind_dataset_example_membership_authorization_and_ledger" time="0.001" /><testcase classname="v4.tests.test_pathd_fixed_science_contract" name="test_frame_coverage_visits_every_ordered_example_and_rejects_omitted_eligible_frame" time="0.001" /><testcase classname="v4.tests.test_pathd_fixed_science_contract" name="test_entry_policy_evaluation_reconstructs_nonzero_economics_from_full_journal" time="0.001" /><testcase classname="v4.tests.test_pathd_fixed_science_contract" name="test_fixed_holdout_trace_reconstructs_synthetic_30_session_result" time="0.004" /><testcase classname="v4.tests.test_pathd_fixed_science_contract" name="test_fixed_holdout_trace_rejects_all_payload_identity_partition_and_hash_tamper" time="0.014" /><testcase classname="v4.tests.test_pathd_fixed_science_contract" name="test_fixed_holdout_evaluator_rejects_caller_authored_summary" time="0.000" /><testcase classname="v4.tests.test_pathd_fixed_science_contract" name="test_preholdout_packet_runs_all_six_semantic_validators_and_rejects_declared_pass" time="0.002" /><testcase classname="v4.tests.test_pathd_fixed_science_contract" name="test_aref_decision_critical_support_closure_and_gradient_boundaries" time="1.601" /><testcase classname="v4.tests.test_pathd_fixed_science_contract" name="test_aref_hgb_and_neural_topologies_are_exact" time="0.000" /><testcase classname="v4.tests.test_pathd_fixed_science_contract" name="test_aref_exit_coverage_identity_and_dependency_tamper_fail_closed" time="1.456" /><testcase classname="v4.tests.test_pathd_fixed_science_contract" name="test_context_diagnostics_are_fixed_one_dimensional_post_primary_nonalpha_tables" time="0.027" /><testcase classname="v4.tests.test_pathd_feature_live_twin" name="test_exact_signed17_original_exit49_intermediate_exit48_and_corrected_exit47_coverage" time="0.001" /><testcase classname="v4.tests.test_pathd_feature_live_twin" name="test_every_signed17_feature_is_live_derivable_without_changing_signed17" time="0.000" /><testcase classname="v4.tests.test_pathd_feature_live_twin" name="test_entry_option_features_bind_historical_cbbo_1m" time="0.000" /><testcase classname="v4.tests.test_pathd_feature_live_twin" name="test_exit49_has_an_explicit_classification_for_every_feature" time="0.000" /><testcase classname="v4.tests.test_pathd_feature_live_twin" name="test_corrected_exit47_drops_open_interest_and_unproved_minute_volume" time="0.000" /><testcase classname="v4.tests.test_pathd_feature_live_twin" name="test_open_interest_is_classified_prior_day_static_but_absent_from_exit47" time="0.000" /><testcase classname="v4.tests.test_pathd_feature_live_twin" name="test_feature_without_live_twin_fixture_rejects_intraday_open_interest_even_with_adapter" time="0.000" /><testcase classname="v4.tests.test_pathd_feature_live_twin" name="test_minute_volume_fails_without_exact_completed_bar_semantics[change0-concrete live adapter]" time="0.000" /><testcase classname="v4.tests.test_pathd_feature_live_twin" name="test_minute_volume_fails_without_exact_completed_bar_semantics[change1-implementation SHA-256]" time="0.000" /><testcase classname="v4.tests.test_pathd_feature_live_twin" name="test_minute_volume_fails_without_exact_completed_bar_semantics[change2-receipt SHA-256]" time="0.000" /><testcase classname="v4.tests.test_pathd_feature_live_twin" name="test_minute_volume_fails_without_exact_completed_bar_semantics[change3-live source]" time="0.000" /><testcase classname="v4.tests.test_pathd_feature_live_twin" name="test_minute_volume_fails_without_exact_completed_bar_semantics[change4-bar-open]" time="0.000" /><testcase classname="v4.tests.test_pathd_feature_live_twin" name="test_minute_volume_fails_without_exact_completed_bar_semantics[change5-bar close]" time="0.000" /><testcase classname="v4.tests.test_pathd_feature_live_twin" name="test_minute_volume_fails_without_exact_completed_bar_semantics[change6-available_at at or before]" time="0.000" /><testcase classname="v4.tests.test_pathd_feature_live_twin" name="test_minute_volume_fails_without_exact_completed_bar_semantics[change7-unavailable at decision]" time="0.000" /><testcase classname="v4.tests.test_pathd_feature_live_twin" name="test_minute_volume_fails_without_exact_completed_bar_semantics[change8-age bound]" time="0.000" /><testcase classname="v4.tests.test_pathd_feature_live_twin" name="test_minute_volume_fails_without_exact_completed_bar_semantics[change9-completed observations]" time="0.000" /><testcase classname="v4.tests.test_pathd_feature_live_twin" name="test_minute_volume_fails_without_exact_completed_bar_semantics[change10-exact-contract]" time="0.000" /><testcase classname="v4.tests.test_pathd_feature_live_twin" name="test_minute_volume_fails_without_exact_completed_bar_semantics[change11-90-second]" time="0.000" /><testcase classname="v4.tests.test_pathd_feature_live_twin" name="test_minute_volume_fails_without_exact_completed_bar_semantics[change12-nonnegative]" time="0.000" /><testcase classname="v4.tests.test_pathd_feature_live_twin" name="test_minute_volume_fails_without_exact_completed_bar_semantics[change13-Cross-session|cross-session]" time="0.000" /><testcase classname="v4.tests.test_pathd_feature_live_twin" name="test_minute_volume_is_conditionally_live_derivable_with_exact_receipt[0-DATABENTO_OPRA_OHLCV_1M_COMPLETED]" time="0.000" /><testcase classname="v4.tests.test_pathd_feature_live_twin" name="test_minute_volume_is_conditionally_live_derivable_with_exact_receipt[0-DATABENTO_OPRA_TRADES_AGGREGATED_TO_1M_COMPLETED]" time="0.000" /><testcase classname="v4.tests.test_pathd_feature_live_twin" name="test_minute_volume_is_conditionally_live_derivable_with_exact_receipt[90-DATABENTO_OPRA_OHLCV_1M_COMPLETED]" time="0.000" /><testcase classname="v4.tests.test_pathd_feature_live_twin" name="test_minute_volume_is_conditionally_live_derivable_with_exact_receipt[90-DATABENTO_OPRA_TRADES_AGGREGATED_TO_1M_COMPLETED]" time="0.000" /><testcase classname="v4.tests.test_pathd_evidence_gate_capability_hardening" name="test_untrusted_exact_authorization_cannot_read_or_burn_fixed_scope[detached]" time="0.001" /><testcase classname="v4.tests.test_pathd_evidence_gate_capability_hardening" name="test_untrusted_exact_authorization_cannot_read_or_burn_fixed_scope[wrong_identity]" time="0.001" /><testcase classname="v4.tests.test_pathd_evidence_gate_capability_hardening" name="test_untrusted_exact_authorization_cannot_read_or_burn_fixed_scope[wrong_pid]" time="0.001" /><testcase classname="v4.tests.test_pathd_evidence_gate_capability_hardening" name="test_untrusted_exact_authorization_cannot_read_or_burn_fixed_scope[wrong_hash]" time="0.001" /><testcase classname="v4.tests.test_pathd_evidence_gate_capability_hardening" name="test_untrusted_exact_authorization_cannot_read_or_burn_fixed_scope[inactive]" time="0.001" /><testcase classname="v4.tests.test_pathd_evidence_gate_capability_hardening" name="test_active_capability_foundation_drift_burns_and_releases_transaction" time="0.001" /><testcase classname="v4.tests.test_pathd_evidence_gate_capability_hardening" name="test_scope_id_is_bound_to_frozen_foundation_generation" time="0.000" /><testcase classname="v4.tests.test_pathd_foundation_correction" name="test_p1_forensic_contract_is_benign_zero_access_and_restores_five" time="0.004" /><testcase classname="v4.tests.test_pathd_foundation_correction" name="test_corrected_generation_binds_restoration_and_stability_receipts" time="0.040" /><testcase classname="v4.tests.test_pathd_foundation_correction" name="test_v3_preserves_corrected_v2_bytes_and_remains_build_only" time="0.143" /><testcase classname="v4.tests.test_pathd_foundation_correction" name="test_refined_br_requires_exact_five_valid_folds_and_rejects_rescue" time="0.232" /><testcase classname="v4.tests.test_pathd_foundation_correction" name="test_refined_br_preserves_entry_verdict_on_exit_power_stop" time="0.002" /><testcase classname="v4.tests.test_pathd_foundation_correction" name="test_foundation_byte_root_changes_on_any_file_or_generation_change" time="0.000" /><testcase classname="v4.tests.test_pathd_foundation_correction" name="test_stability_seal_requires_all_corrected_fold_namespaces_pristine" time="0.001" /><testcase classname="v4.tests.test_pathd_foundation_correction" name="test_p2_live_twin_inventory_keeps_signed17_and_corrects_exit47" time="0.001" /><testcase classname="v4.tests.test_pathd_foundation_correction" name="test_fold_stage_preflight_stops_before_dispatch_on_foundation_mismatch" time="0.003" /><testcase classname="v4.tests.test_pathd_foundation_correction" name="test_p3_widen_entry_lead_is_forward_only" time="0.092" /><testcase classname="v4.tests.test_pathd_foundation_correction" name="test_nested_dataset_membership_uses_only_current_authorization_segment" time="0.000" /></testsuite></testsuites>