<?xml version="1.0" encoding="utf-8"?><testsuites name="pytest tests"><testsuite name="pytest" errors="0" failures="0" skipped="0" tests="7" time="0.728" timestamp="2026-08-01T21:47:51.341232-07:00" hostname="Owens-MacBook-Pro.local"><testcase classname="v4.tests.test_pathd_corrected_v32_executable_build" name="test_v32_topology_is_science_identical_and_fail_closed" time="0.018" /><testcase classname="v4.tests.test_pathd_corrected_v32_executable_build" name="test_shared_exit_is_selected_from_reconstructed_p5_journals" time="0.020" /><testcase classname="v4.tests.test_pathd_corrected_v32_executable_build" name="test_complete_common_replay_inventory_has_no_nullable_cells" time="0.025" /><testcase classname="v4.tests.test_pathd_corrected_v32_executable_build" name="test_sealed_input_orchestrator_rejects_caller_authored_economics" time="0.027" /><testcase classname="v4.tests.test_pathd_corrected_v32_executable_build" name="test_spx_reference_writer_is_causal_and_lossless" time="0.000" /><testcase classname="v4.tests.test_pathd_corrected_v32_executable_build" name="test_direct_legacy_evidence_api_cannot_bypass_br_gate" time="0.006" /><testcase classname="v4.tests.test_pathd_corrected_v32_executable_build" name="test_build_creates_no_execution_evidence_or_holdout_namespace" time="0.000" /></testsuite></testsuites>